<?xml version="1.0" encoding="UTF-8"?>
<!-- Generated by org.testng.reporters.JUnitReportReporter -->
<testsuite hostname="DESKTOP-OD0752Q" failures="0" tests="1" name="com.VTiger.TC.TC002_CreateOrganizationWithDropdownTest" time="56.058" errors="0" timestamp="2021-12-18T18:56:10 IST" skipped="0">
  <testcase classname="com.VTiger.TC.TC002_CreateOrganizationWithDropdownTest" name="createOrganizationWithDropdownTest" time="56.058"/>
  <system-out/>
</testsuite> <!-- com.VTiger.TC.TC002_CreateOrganizationWithDropdownTest -->
