<?xml version="1.0" encoding="UTF-8"?>
<!-- Generated by org.testng.reporters.JUnitReportReporter -->
<testsuite hostname="DESKTOP-OD0752Q" failures="0" tests="1" name="log4J.logToTest" time="9.572" errors="0" timestamp="2021-12-30T15:46:05 IST" skipped="0">
  <testcase classname="log4J.logToTest" name="loginToapp" time="9.572"/>
  <system-out/>
</testsuite> <!-- log4J.logToTest -->
