<?xml version="1.0" encoding="UTF-8"?>
<!-- Generated by org.testng.reporters.JUnitReportReporter -->
<testsuite hostname="DESKTOP-OD0752Q" failures="0" tests="1" name="com.VTiger.Practice.TC004_dataproviderUsingExcel" time="0.000" errors="0" timestamp="2021-12-22T21:57:30 IST" skipped="1">
  <testcase classname="com.VTiger.Practice.TC004_dataproviderUsingExcel" name="testCity" time="0.000">
    <skipped/>
  </testcase> <!-- testCity -->
  <system-out/>
</testsuite> <!-- com.VTiger.Practice.TC004_dataproviderUsingExcel -->
