<?xml version="1.0" encoding="UTF-8"?>
<!-- Generated by org.testng.reporters.JUnitReportReporter -->
<testsuite hostname="DESKTOP-OD0752Q" failures="0" tests="1" name="com.VTiger.TC.TC002_CreateOrganizationWithDropdownTest" time="34.233" errors="0" timestamp="2021-12-15T22:04:34 IST" skipped="0">
  <testcase classname="com.VTiger.TC.TC002_CreateOrganizationWithDropdownTest" name="createOrganizationWithDropdownTest" time="34.233"/>
  <system-out/>
</testsuite> <!-- com.VTiger.TC.TC002_CreateOrganizationWithDropdownTest -->
