<?xml version="1.0" encoding="UTF-8"?>
<!-- Generated by org.testng.reporters.JUnitReportReporter -->
<testsuite hostname="DESKTOP-OD0752Q" failures="0" tests="1" name="com.VTiger.Practice.sampleTest" time="34.099" errors="0" timestamp="2021-12-10T12:28:04 IST" skipped="0">
  <testcase classname="com.VTiger.Practice.sampleTest" name="cmdparameters" time="34.099"/>
  <system-out/>
</testsuite> <!-- com.VTiger.Practice.sampleTest -->
