<?xml version="1.0" encoding="UTF-8"?>
<!-- Generated by org.testng.reporters.JUnitReportReporter -->
<testsuite hostname="DESKTOP-OD0752Q" failures="0" tests="1" name="JDBC.Practice.ExecuteQueryTest" time="1.199" errors="0" timestamp="2021-12-07T13:25:05 IST" skipped="0">
  <testcase classname="JDBC.Practice.ExecuteQueryTest" name="executequerytest" time="1.199"/>
  <system-out/>
</testsuite> <!-- JDBC.Practice.ExecuteQueryTest -->
