<?xml version="1.0" encoding="UTF-8"?>
<!-- Generated by org.testng.reporters.JUnitReportReporter -->
<testsuite hostname="DESKTOP-OD0752Q" failures="0" tests="4" name="com.VTiger.genericutil.NewDataProvider" time="0.010" errors="0" timestamp="2021-12-09T12:08:39 IST" skipped="0">
  <testcase classname="com.VTiger.genericutil.NewDataProvider" name="print" time="0.006"/>
  <system-out/>
  <testcase classname="com.VTiger.genericutil.NewDataProvider" name="print" time="0.002"/>
  <system-out/>
  <testcase classname="com.VTiger.genericutil.NewDataProvider" name="print" time="0.001"/>
  <system-out/>
  <testcase classname="com.VTiger.genericutil.NewDataProvider" name="print" time="0.001"/>
  <system-out/>
</testsuite> <!-- com.VTiger.genericutil.NewDataProvider -->
